\BOOKMARK [0][-]{chapter.1}{Introduction}{}% 1
\BOOKMARK [0][-]{chapter.2}{Overall Description}{}% 2
\BOOKMARK [1][-]{section.2.1}{Product Perspective}{chapter.2}% 3
\BOOKMARK [1][-]{section.2.2}{Product Functions}{chapter.2}% 4
\BOOKMARK [1][-]{section.2.3}{User Classes and Characteristics}{chapter.2}% 5
\BOOKMARK [1][-]{section.2.4}{Operating Environment}{chapter.2}% 6
\BOOKMARK [1][-]{section.2.5}{Design and Implementation Constraints}{chapter.2}% 7
\BOOKMARK [1][-]{section.2.6}{User Documentation}{chapter.2}% 8
\BOOKMARK [1][-]{section.2.7}{Assumptions and Dependencies}{chapter.2}% 9
\BOOKMARK [0][-]{chapter.3}{External Interface Requirements}{}% 10
\BOOKMARK [1][-]{section.3.1}{User Interfaces}{chapter.3}% 11
\BOOKMARK [0][-]{chapter.4}{System Features}{}% 12
\BOOKMARK [1][-]{section.4.1}{User Management}{chapter.4}% 13
\BOOKMARK [2][-]{subsection.4.1.1}{Description}{section.4.1}% 14
\BOOKMARK [2][-]{subsection.4.1.2}{Settings from the input files}{section.4.1}% 15
\BOOKMARK [2][-]{subsection.4.1.3}{Functional Requirements}{section.4.1}% 16
\BOOKMARK [1][-]{section.4.2}{Ressource Management}{chapter.4}% 17
\BOOKMARK [2][-]{subsection.4.2.1}{Description}{section.4.2}% 18
\BOOKMARK [2][-]{subsection.4.2.2}{Settings from the input files}{section.4.2}% 19
\BOOKMARK [2][-]{subsection.4.2.3}{Functional Requirements}{section.4.2}% 20
\BOOKMARK [0][-]{chapter.5}{Other Nonfunctional Requirements}{}% 21
\BOOKMARK [1][-]{section.5.1}{Performance Requirements}{chapter.5}% 22
\BOOKMARK [1][-]{section.5.2}{Safety Requirements}{chapter.5}% 23
\BOOKMARK [1][-]{section.5.3}{Security Requirements}{chapter.5}% 24
\BOOKMARK [1][-]{section.5.4}{Software Quality Attributes}{chapter.5}% 25
\BOOKMARK [1][-]{section.5.5}{Business Rules}{chapter.5}% 26
\BOOKMARK [0][-]{chapter.6}{Other Requirements}{}% 27
\BOOKMARK [1][-]{section.6.1}{Appendix A: Glossary}{chapter.6}% 28
\BOOKMARK [1][-]{section.6.2}{Appendix B: Analysis Models}{chapter.6}% 29
\BOOKMARK [1][-]{section.6.3}{Appendix C: To Be Determined List}{chapter.6}% 30
